# JRE version: OpenJDK Runtime Environment Microsoft-8035246 (17.0.8+7) (build 17.0.8+7-LTS)
# Java VM: OpenJDK 64-Bit Server VM Microsoft-8035246 (17.0.8+7-LTS, mixed mode, sharing, tiered, compressed oops, compressed class ptrs, g1 gc, windows-amd64)
GC Precious Log:
 CPUs: 16 total, 16 available
 Memory: 14188M
 Large Page Support: Disabled
 NUMA Support: Disabled
 Compressed Oops: Enabled (32-bit)
 Heap Region Size: 1M
 Heap Min Capacity: 8M
 Heap Initial Capacity: 222M
 Heap Max Capacity: 2G
 Pre-touch: Disabled
 Parallel Workers: 13
 Concurrent Workers: 3
 Concurrent Refinement Workers: 13
 Periodic GC: Disabled
Heap:
 garbage-first heap   total 301056K, used 223250K [0x0000000080000000, 0x0000000100000000)
  region size 1024K, 20 young (20480K), 7 survivors (7168K)
 Metaspace       used 101957K, committed 103424K, reserved 557056K
  class space    used 14285K, committed 14976K, reserved 425984K
GC Heap History (20 events):
Event: 33.693 GC heap before
{Heap before GC invocations=49 (full 0):
 garbage-first heap   total 250880K, used 205765K [0x0000000080000000, 0x0000000100000000)
  region size 1024K, 37 young (37888K), 2 survivors (2048K)
 Metaspace       used 97806K, committed 99200K, reserved 557056K
  class space    used 13730K, committed 14336K, reserved 425984K
}
Event: 33.697 GC heap after
{Heap after GC invocations=50 (full 0):
 garbage-first heap   total 250880K, used 173993K [0x0000000080000000, 0x0000000100000000)
  region size 1024K, 5 young (5120K), 5 survivors (5120K)
 Metaspace       used 97806K, committed 99200K, reserved 557056K
  class space    used 13730K, committed 14336K, reserved 425984K
}
Event: 33.990 GC heap before
{Heap before GC invocations=50 (full 0):
 garbage-first heap   total 250880K, used 208809K [0x0000000080000000, 0x0000000100000000)
  region size 1024K, 39 young (39936K), 5 survivors (5120K)
 Metaspace       used 98943K, committed 100352K, reserved 557056K
  class space    used 13871K, committed 14528K, reserved 425984K
}
Event: 33.996 GC heap after
{Heap after GC invocations=51 (full 0):
 garbage-first heap   total 250880K, used 179989K [0x0000000080000000, 0x0000000100000000)
  region size 1024K, 5 young (5120K), 5 survivors (5120K)
 Metaspace       used 98943K, committed 100352K, reserved 557056K
  class space    used 13871K, committed 14528K, reserved 425984K
}
Event: 34.224 GC heap before
{Heap before GC invocations=51 (full 0):
 garbage-first heap   total 250880K, used 209685K [0x0000000080000000, 0x0000000100000000)
  region size 1024K, 34 young (34816K), 5 survivors (5120K)
 Metaspace       used 99433K, committed 100864K, reserved 557056K
  class space    used 13912K, committed 14592K, reserved 425984K
}
Event: 34.229 GC heap after
{Heap after GC invocations=52 (full 0):
 garbage-first heap   total 250880K, used 184252K [0x0000000080000000, 0x0000000100000000)
  region size 1024K, 4 young (4096K), 4 survivors (4096K)
 Metaspace       used 99433K, committed 100864K, reserved 557056K
  class space    used 13912K, committed 14592K, reserved 425984K
}
Event: 34.395 GC heap before
{Heap before GC invocations=52 (full 0):
 garbage-first heap   total 250880K, used 209852K [0x0000000080000000, 0x0000000100000000)
  region size 1024K, 30 young (30720K), 4 survivors (4096K)
 Metaspace       used 99556K, committed 100992K, reserved 557056K
  class space    used 13912K, committed 14592K, reserved 425984K
}
Event: 34.399 GC heap after
{Heap after GC invocations=53 (full 0):
 garbage-first heap   total 250880K, used 187034K [0x0000000080000000, 0x0000000100000000)
  region size 1024K, 3 young (3072K), 3 survivors (3072K)
 Metaspace       used 99556K, committed 100992K, reserved 557056K
  class space    used 13912K, committed 14592K, reserved 425984K
}
Event: 34.556 GC heap before
{Heap before GC invocations=53 (full 0):
 garbage-first heap   total 250880K, used 213658K [0x0000000080000000, 0x0000000100000000)
  region size 1024K, 29 young (29696K), 3 survivors (3072K)
 Metaspace       used 99636K, committed 101056K, reserved 557056K
  class space    used 13913K, committed 14592K, reserved 425984K
}
Event: 34.560 GC heap after
{Heap after GC invocations=54 (full 0):
 garbage-first heap   total 301056K, used 189755K [0x0000000080000000, 0x0000000100000000)
  region size 1024K, 3 young (3072K), 3 survivors (3072K)
 Metaspace       used 99636K, committed 101056K, reserved 557056K
  class space    used 13913K, committed 14592K, reserved 425984K
}
Event: 34.929 GC heap before
{Heap before GC invocations=54 (full 0):
 garbage-first heap   total 301056K, used 249147K [0x0000000080000000, 0x0000000100000000)
  region size 1024K, 61 young (62464K), 3 survivors (3072K)
 Metaspace       used 100449K, committed 101952K, reserved 557056K
  class space    used 14011K, committed 14720K, reserved 425984K
}
Event: 34.934 GC heap after
{Heap after GC invocations=55 (full 0):
 garbage-first heap   total 301056K, used 196249K [0x0000000080000000, 0x0000000100000000)
  region size 1024K, 8 young (8192K), 8 survivors (8192K)
 Metaspace       used 100449K, committed 101952K, reserved 557056K
  class space    used 14011K, committed 14720K, reserved 425984K
}
Event: 35.239 GC heap before
{Heap before GC invocations=55 (full 0):
 garbage-first heap   total 301056K, used 250521K [0x0000000080000000, 0x0000000100000000)
  region size 1024K, 62 young (63488K), 8 survivors (8192K)
 Metaspace       used 101397K, committed 102912K, reserved 557056K
  class space    used 14218K, committed 14912K, reserved 425984K
}
Event: 35.244 GC heap after
{Heap after GC invocations=56 (full 0):
 garbage-first heap   total 301056K, used 198916K [0x0000000080000000, 0x0000000100000000)
  region size 1024K, 3 young (3072K), 3 survivors (3072K)
 Metaspace       used 101397K, committed 102912K, reserved 557056K
  class space    used 14218K, committed 14912K, reserved 425984K
}
Event: 35.520 GC heap before
{Heap before GC invocations=56 (full 0):
 garbage-first heap   total 301056K, used 252164K [0x0000000080000000, 0x0000000100000000)
  region size 1024K, 56 young (57344K), 3 survivors (3072K)
 Metaspace       used 101880K, committed 103360K, reserved 557056K
  class space    used 14282K, committed 14976K, reserved 425984K
}
Event: 35.525 GC heap after
{Heap after GC invocations=57 (full 0):
 garbage-first heap   total 301056K, used 204453K [0x0000000080000000, 0x0000000100000000)
  region size 1024K, 7 young (7168K), 7 survivors (7168K)
 Metaspace       used 101880K, committed 103360K, reserved 557056K
  class space    used 14282K, committed 14976K, reserved 425984K
}
Event: 35.836 GC heap before
{Heap before GC invocations=57 (full 0):
 garbage-first heap   total 301056K, used 253605K [0x0000000080000000, 0x0000000100000000)
  region size 1024K, 56 young (57344K), 7 survivors (7168K)
 Metaspace       used 101895K, committed 103360K, reserved 557056K
  class space    used 14282K, committed 14976K, reserved 425984K
}
Event: 35.841 GC heap after
{Heap after GC invocations=58 (full 0):
 garbage-first heap   total 301056K, used 207672K [0x0000000080000000, 0x0000000100000000)
  region size 1024K, 4 young (4096K), 4 survivors (4096K)
 Metaspace       used 101895K, committed 103360K, reserved 557056K
  class space    used 14282K, committed 14976K, reserved 425984K
}
Event: 36.303 GC heap before
{Heap before GC invocations=58 (full 0):
 garbage-first heap   total 301056K, used 259896K [0x0000000080000000, 0x0000000100000000)
  region size 1024K, 51 young (52224K), 4 survivors (4096K)
 Metaspace       used 101899K, committed 103360K, reserved 557056K
  class space    used 14282K, committed 14976K, reserved 425984K
}
Event: 36.306 GC heap after
{Heap after GC invocations=59 (full 0):
 garbage-first heap   total 301056K, used 210962K [0x0000000080000000, 0x0000000100000000)
  region size 1024K, 7 young (7168K), 7 survivors (7168K)
 Metaspace       used 101899K, committed 103360K, reserved 557056K
  class space    used 14282K, committed 14976K, reserved 425984K
}

