# JRE version: OpenJDK Runtime Environment Microsoft-8035246 (17.0.8+7) (build 17.0.8+7-LTS)
# Java VM: OpenJDK 64-Bit Server VM Microsoft-8035246 (17.0.8+7-LTS, mixed mode, sharing, tiered, compressed oops, compressed class ptrs, g1 gc, windows-amd64)
GC Precious Log:
 CPUs: 6 total, 6 available
 Memory: 16313M
 Large Page Support: Disabled
 NUMA Support: Disabled
 Compressed Oops: Enabled (32-bit)
 Heap Region Size: 1M
 Heap Min Capacity: 8M
 Heap Initial Capacity: 256M
 Heap Max Capacity: 2G
 Pre-touch: Disabled
 Parallel Workers: 6
 Concurrent Workers: 2
 Concurrent Refinement Workers: 6
 Periodic GC: Disabled
Heap:
 garbage-first heap   total 306176K, used 246620K [0x0000000080000000, 0x0000000100000000)
  region size 1024K, 62 young (63488K), 8 survivors (8192K)
 Metaspace       used 100502K, committed 101824K, reserved 557056K
  class space    used 14045K, committed 14656K, reserved 425984K
GC Heap History (20 events):
Event: 26.187 GC heap before
{Heap before GC invocations=43 (full 0):
 garbage-first heap   total 254976K, used 172052K [0x0000000080000000, 0x0000000100000000)
  region size 1024K, 27 young (27648K), 5 survivors (5120K)
 Metaspace       used 91430K, committed 92544K, reserved 557056K
  class space    used 12841K, committed 13312K, reserved 425984K
}
Event: 26.192 GC heap after
{Heap after GC invocations=44 (full 0):
 garbage-first heap   total 254976K, used 157197K [0x0000000080000000, 0x0000000100000000)
  region size 1024K, 4 young (4096K), 4 survivors (4096K)
 Metaspace       used 91430K, committed 92544K, reserved 557056K
  class space    used 12841K, committed 13312K, reserved 425984K
}
Event: 26.257 GC heap before
{Heap before GC invocations=44 (full 0):
 garbage-first heap   total 254976K, used 164365K [0x0000000080000000, 0x0000000100000000)
  region size 1024K, 12 young (12288K), 4 survivors (4096K)
 Metaspace       used 91444K, committed 92544K, reserved 557056K
  class space    used 12842K, committed 13312K, reserved 425984K
}
Event: 26.259 GC heap after
{Heap after GC invocations=45 (full 0):
 garbage-first heap   total 254976K, used 156777K [0x0000000080000000, 0x0000000100000000)
  region size 1024K, 1 young (1024K), 1 survivors (1024K)
 Metaspace       used 91444K, committed 92544K, reserved 557056K
  class space    used 12842K, committed 13312K, reserved 425984K
}
Event: 26.675 GC heap before
{Heap before GC invocations=45 (full 0):
 garbage-first heap   total 254976K, used 202857K [0x0000000080000000, 0x0000000100000000)
  region size 1024K, 44 young (45056K), 1 survivors (1024K)
 Metaspace       used 93091K, committed 94272K, reserved 557056K
  class space    used 13064K, committed 13568K, reserved 425984K
}
Event: 26.680 GC heap after
{Heap after GC invocations=46 (full 0):
 garbage-first heap   total 254976K, used 165540K [0x0000000080000000, 0x0000000100000000)
  region size 1024K, 6 young (6144K), 6 survivors (6144K)
 Metaspace       used 93091K, committed 94272K, reserved 557056K
  class space    used 13064K, committed 13568K, reserved 425984K
}
Event: 27.036 GC heap before
{Heap before GC invocations=46 (full 0):
 garbage-first heap   total 254976K, used 205476K [0x0000000080000000, 0x0000000100000000)
  region size 1024K, 45 young (46080K), 6 survivors (6144K)
 Metaspace       used 96566K, committed 97792K, reserved 557056K
  class space    used 13579K, committed 14144K, reserved 425984K
}
Event: 27.040 GC heap after
{Heap after GC invocations=47 (full 0):
 garbage-first heap   total 254976K, used 167805K [0x0000000080000000, 0x0000000100000000)
  region size 1024K, 2 young (2048K), 2 survivors (2048K)
 Metaspace       used 96566K, committed 97792K, reserved 557056K
  class space    used 13579K, committed 14144K, reserved 425984K
}
Event: 27.564 GC heap before
{Heap before GC invocations=47 (full 0):
 garbage-first heap   total 254976K, used 208765K [0x0000000080000000, 0x0000000100000000)
  region size 1024K, 42 young (43008K), 2 survivors (2048K)
 Metaspace       used 97777K, committed 99008K, reserved 557056K
  class space    used 13721K, committed 14272K, reserved 425984K
}
Event: 27.570 GC heap after
{Heap after GC invocations=48 (full 0):
 garbage-first heap   total 254976K, used 174401K [0x0000000080000000, 0x0000000100000000)
  region size 1024K, 6 young (6144K), 6 survivors (6144K)
 Metaspace       used 97777K, committed 99008K, reserved 557056K
  class space    used 13721K, committed 14272K, reserved 425984K
}
Event: 27.857 GC heap before
{Heap before GC invocations=48 (full 0):
 garbage-first heap   total 254976K, used 211265K [0x0000000080000000, 0x0000000100000000)
  region size 1024K, 42 young (43008K), 6 survivors (6144K)
 Metaspace       used 98543K, committed 99712K, reserved 557056K
  class space    used 13806K, committed 14336K, reserved 425984K
}
Event: 27.863 GC heap after
{Heap after GC invocations=49 (full 0):
 garbage-first heap   total 254976K, used 179371K [0x0000000080000000, 0x0000000100000000)
  region size 1024K, 5 young (5120K), 5 survivors (5120K)
 Metaspace       used 98543K, committed 99712K, reserved 557056K
  class space    used 13806K, committed 14336K, reserved 425984K
}
Event: 28.094 GC heap before
{Heap before GC invocations=49 (full 0):
 garbage-first heap   total 254976K, used 213163K [0x0000000080000000, 0x0000000100000000)
  region size 1024K, 38 young (38912K), 5 survivors (5120K)
 Metaspace       used 98706K, committed 99904K, reserved 557056K
  class space    used 13807K, committed 14336K, reserved 425984K
}
Event: 28.100 GC heap after
{Heap after GC invocations=50 (full 0):
 garbage-first heap   total 254976K, used 182278K [0x0000000080000000, 0x0000000100000000)
  region size 1024K, 4 young (4096K), 4 survivors (4096K)
 Metaspace       used 98706K, committed 99904K, reserved 557056K
  class space    used 13807K, committed 14336K, reserved 425984K
}
Event: 28.300 GC heap before
{Heap before GC invocations=50 (full 0):
 garbage-first heap   total 254976K, used 215046K [0x0000000080000000, 0x0000000100000000)
  region size 1024K, 36 young (36864K), 4 survivors (4096K)
 Metaspace       used 99045K, committed 100288K, reserved 557056K
  class space    used 13845K, committed 14400K, reserved 425984K
}
Event: 28.305 GC heap after
{Heap after GC invocations=51 (full 0):
 garbage-first heap   total 254976K, used 185843K [0x0000000080000000, 0x0000000100000000)
  region size 1024K, 4 young (4096K), 4 survivors (4096K)
 Metaspace       used 99045K, committed 100288K, reserved 557056K
  class space    used 13845K, committed 14400K, reserved 425984K
}
Event: 28.516 GC heap before
{Heap before GC invocations=51 (full 0):
 garbage-first heap   total 254976K, used 216563K [0x0000000080000000, 0x0000000100000000)
  region size 1024K, 34 young (34816K), 4 survivors (4096K)
 Metaspace       used 99697K, committed 100928K, reserved 557056K
  class space    used 13954K, committed 14528K, reserved 425984K
}
Event: 28.527 GC heap after
{Heap after GC invocations=52 (full 0):
 garbage-first heap   total 306176K, used 189535K [0x0000000080000000, 0x0000000100000000)
  region size 1024K, 4 young (4096K), 4 survivors (4096K)
 Metaspace       used 99697K, committed 100928K, reserved 557056K
  class space    used 13954K, committed 14528K, reserved 425984K
}
Event: 29.190 GC heap before
{Heap before GC invocations=52 (full 0):
 garbage-first heap   total 306176K, used 251999K [0x0000000080000000, 0x0000000100000000)
  region size 1024K, 66 young (67584K), 4 survivors (4096K)
 Metaspace       used 100191K, committed 101440K, reserved 557056K
  class space    used 13992K, committed 14592K, reserved 425984K
}
Event: 29.196 GC heap after
{Heap after GC invocations=53 (full 0):
 garbage-first heap   total 306176K, used 193372K [0x0000000080000000, 0x0000000100000000)
  region size 1024K, 8 young (8192K), 8 survivors (8192K)
 Metaspace       used 100191K, committed 101440K, reserved 557056K
  class space    used 13992K, committed 14592K, reserved 425984K
}

